[2020-06-03T23:59:34.745] [DEBUG] cheese - login => username:zs,password:123456
[2020-06-03T23:59:34.747] [DEBUG] cheese - zs
[2020-06-03T23:59:34.758] [DEBUG] cheese - null
[2020-06-03T23:59:34.758] [DEBUG] cheese - null
[2020-06-04T00:00:14.861] [DEBUG] cheese - login => username:admin,password:123456
[2020-06-04T00:00:14.861] [DEBUG] cheese - admin
[2020-06-04T00:00:14.873] [DEBUG] cheese - null
[2020-06-04T00:00:14.873] [DEBUG] cheese - null
[2020-06-04T00:00:26.587] [DEBUG] cheese - login => username:admin,password:123456
[2020-06-04T00:00:26.587] [DEBUG] cheese - admin
[2020-06-04T00:00:26.591] [DEBUG] cheese - null
[2020-06-04T00:00:26.591] [DEBUG] cheese - null
[2020-06-04T19:42:13.843] [DEBUG] cheese - login => username:admin,password:123456
[2020-06-04T19:42:13.844] [DEBUG] cheese - admin
[2020-06-04T19:42:13.942] [DEBUG] cheese - null
[2020-06-04T19:42:13.942] [DEBUG] cheese - null
[2020-06-04T20:05:18.344] [DEBUG] cheese - login => username:admin,password:123456
[2020-06-04T20:05:18.345] [DEBUG] cheese - admin
[2020-06-04T20:05:18.354] [DEBUG] cheese - null
[2020-06-04T20:05:18.354] [DEBUG] cheese - null
[2020-06-06T14:19:47.656] [DEBUG] cheese - login => username:admin,password:123456
[2020-06-06T14:19:47.658] [DEBUG] cheese - admin
[2020-06-06T14:19:47.742] [DEBUG] cheese - null
[2020-06-06T14:19:47.742] [DEBUG] cheese - null
[2020-06-06T14:21:20.648] [DEBUG] cheese - login => username:123123,password:123123
[2020-06-06T14:21:20.648] [DEBUG] cheese - 123123
[2020-06-06T14:21:20.651] [DEBUG] cheese - null
[2020-06-06T14:21:20.651] [DEBUG] cheese - null
[2020-06-06T14:21:22.565] [DEBUG] cheese - login => username:123123,password:123123
[2020-06-06T14:21:22.565] [DEBUG] cheese - 123123
[2020-06-06T14:21:22.568] [DEBUG] cheese - null
[2020-06-06T14:21:22.568] [DEBUG] cheese - null
[2020-06-06T14:22:45.362] [DEBUG] cheese - login => username:123123,password:123123
[2020-06-06T14:22:45.362] [DEBUG] cheese - 123123
[2020-06-06T14:22:45.365] [DEBUG] cheese - null
[2020-06-06T14:22:45.365] [DEBUG] cheese - null
[2020-06-06T14:23:41.755] [DEBUG] cheese - login => username:123123,password:123123
[2020-06-06T14:23:41.756] [DEBUG] cheese - 123123
[2020-06-06T14:23:41.758] [DEBUG] cheese - null
[2020-06-06T14:23:41.758] [DEBUG] cheese - null
[2020-06-06T14:25:08.540] [DEBUG] cheese - login => username:123123,password:123123
[2020-06-06T14:25:08.540] [DEBUG] cheese - 123123
[2020-06-06T14:25:08.545] [DEBUG] cheese - null
[2020-06-06T14:25:08.545] [DEBUG] cheese - null
[2020-06-06T14:27:35.183] [DEBUG] cheese - login => username:123123,password:123123
[2020-06-06T14:27:35.184] [DEBUG] cheese - 123123
[2020-06-06T14:27:35.188] [DEBUG] cheese - null
[2020-06-06T14:27:35.188] [DEBUG] cheese - null
[2020-06-06T14:27:55.793] [DEBUG] cheese - login => username:admin,password:123456
[2020-06-06T14:27:55.793] [DEBUG] cheese - admin
[2020-06-06T14:27:55.798] [DEBUG] cheese - null
[2020-06-06T14:27:55.799] [DEBUG] cheese - null
[2020-06-06T14:28:48.940] [DEBUG] cheese - login => username:123123,password:123123
[2020-06-06T14:28:48.941] [DEBUG] cheese - 123123
[2020-06-06T14:28:48.943] [DEBUG] cheese - null
[2020-06-06T14:28:48.943] [DEBUG] cheese - null
[2020-06-06T14:28:54.209] [DEBUG] cheese - login => username:admin,password:123456
[2020-06-06T14:28:54.209] [DEBUG] cheese - admin
[2020-06-06T14:28:54.212] [DEBUG] cheese - null
[2020-06-06T14:28:54.212] [DEBUG] cheese - null
[2020-06-06T14:35:47.612] [DEBUG] cheese - login => username:123,password:123123
[2020-06-06T14:35:47.612] [DEBUG] cheese - 123
[2020-06-06T14:35:47.614] [DEBUG] cheese - null
[2020-06-06T14:35:47.614] [DEBUG] cheese - null
[2020-06-06T14:38:35.123] [DEBUG] cheese - login => username:123123,password:123123
[2020-06-06T14:38:35.123] [DEBUG] cheese - 123123
[2020-06-06T14:38:35.126] [DEBUG] cheese - null
[2020-06-06T14:38:35.126] [DEBUG] cheese - null
[2020-06-06T14:38:53.384] [DEBUG] cheese - login => username:123123,password:123123
[2020-06-06T14:38:53.384] [DEBUG] cheese - 123123
[2020-06-06T14:38:53.391] [DEBUG] cheese - null
[2020-06-06T14:38:53.391] [DEBUG] cheese - null
[2020-06-06T14:40:42.984] [DEBUG] cheese - login => username:admin,password:123456
[2020-06-06T14:40:42.984] [DEBUG] cheese - admin
[2020-06-06T14:40:42.987] [DEBUG] cheese - null
[2020-06-06T14:40:42.987] [DEBUG] cheese - null
[2020-06-06T14:41:26.309] [DEBUG] cheese - login => username:123123,password:123123
[2020-06-06T14:41:26.309] [DEBUG] cheese - 123123
[2020-06-06T14:41:26.314] [DEBUG] cheese - null
[2020-06-06T14:41:26.314] [DEBUG] cheese - null
[2020-06-06T14:42:45.783] [DEBUG] cheese - login => username:admin,password:123456
[2020-06-06T14:42:45.783] [DEBUG] cheese - admin
[2020-06-06T14:42:45.785] [DEBUG] cheese - null
[2020-06-06T14:42:45.785] [DEBUG] cheese - null
[2020-06-06T14:54:05.406] [DEBUG] cheese - login => username:admin,password:123456
[2020-06-06T14:54:05.406] [DEBUG] cheese - admin
[2020-06-06T14:54:05.408] [DEBUG] cheese - null
[2020-06-06T14:54:05.408] [DEBUG] cheese - null
[2020-06-06T14:56:10.451] [DEBUG] cheese - login => username:admin,password:123456
[2020-06-06T14:56:10.451] [DEBUG] cheese - admin
[2020-06-06T14:56:10.455] [DEBUG] cheese - null
[2020-06-06T14:56:10.455] [DEBUG] cheese - null
[2020-06-06T14:56:52.531] [DEBUG] cheese - login => username:admin,password:123456
[2020-06-06T14:56:52.531] [DEBUG] cheese - admin
[2020-06-06T14:56:52.533] [DEBUG] cheese - null
[2020-06-06T14:56:52.533] [DEBUG] cheese - null
[2020-06-06T14:57:27.116] [DEBUG] cheese - login => username:admin,password:123456
[2020-06-06T14:57:27.116] [DEBUG] cheese - admin
[2020-06-06T14:57:27.121] [DEBUG] cheese - null
[2020-06-06T14:57:27.121] [DEBUG] cheese - null
[2020-06-06T14:57:34.191] [DEBUG] cheese - login => username:admin,password:123456
[2020-06-06T14:57:34.191] [DEBUG] cheese - admin
[2020-06-06T14:57:34.193] [DEBUG] cheese - null
[2020-06-06T14:57:34.193] [DEBUG] cheese - null
[2020-06-06T14:57:56.140] [DEBUG] cheese - login => username:admin,password:123456
[2020-06-06T14:57:56.140] [DEBUG] cheese - admin
[2020-06-06T14:57:56.142] [DEBUG] cheese - null
[2020-06-06T14:57:56.142] [DEBUG] cheese - null
[2020-06-06T15:00:35.420] [DEBUG] cheese - login => username:admin,password:123456
[2020-06-06T15:00:35.420] [DEBUG] cheese - admin
[2020-06-06T15:00:35.423] [DEBUG] cheese - null
[2020-06-06T15:00:35.423] [DEBUG] cheese - null
[2020-06-06T15:11:43.154] [DEBUG] cheese - login => username:admin,password:123456
[2020-06-06T15:11:43.154] [DEBUG] cheese - admin
[2020-06-06T15:11:43.158] [DEBUG] cheese - null
[2020-06-06T15:11:43.159] [DEBUG] cheese - null
[2020-06-06T15:11:47.145] [DEBUG] cheese - login => username:admin,password:123456
[2020-06-06T15:11:47.145] [DEBUG] cheese - admin
[2020-06-06T15:11:47.146] [DEBUG] cheese - null
[2020-06-06T15:11:47.146] [DEBUG] cheese - null
[2020-06-06T15:12:08.647] [DEBUG] cheese - login => username:admin,password:123456
[2020-06-06T15:12:08.647] [DEBUG] cheese - admin
[2020-06-06T15:12:08.649] [DEBUG] cheese - null
[2020-06-06T15:12:08.649] [DEBUG] cheese - null
[2020-06-06T15:12:16.641] [DEBUG] cheese - login => username:admin,password:123456
[2020-06-06T15:12:16.641] [DEBUG] cheese - admin
[2020-06-06T15:12:16.643] [DEBUG] cheese - null
[2020-06-06T15:12:16.643] [DEBUG] cheese - null
[2020-06-06T15:13:25.312] [DEBUG] cheese - login => username:admin,password:123456
[2020-06-06T15:13:25.312] [DEBUG] cheese - admin
[2020-06-06T15:13:25.314] [DEBUG] cheese - null
[2020-06-06T15:13:25.314] [DEBUG] cheese - null
[2020-06-06T15:14:54.433] [DEBUG] cheese - login => username:admin,password:123456
[2020-06-06T15:14:54.433] [DEBUG] cheese - admin
[2020-06-06T15:14:54.436] [DEBUG] cheese - null
[2020-06-06T15:14:54.436] [DEBUG] cheese - null
[2020-06-06T15:29:52.104] [DEBUG] cheese - login => username:admin,password:123456
[2020-06-06T15:29:52.104] [DEBUG] cheese - admin
[2020-06-06T15:29:52.112] [DEBUG] cheese - null
[2020-06-06T15:29:52.112] [DEBUG] cheese - null
[2020-06-06T15:30:18.096] [DEBUG] cheese - login => username:admin,password:123456
[2020-06-06T15:30:18.096] [DEBUG] cheese - admin
[2020-06-06T15:30:18.099] [DEBUG] cheese - null
[2020-06-06T15:30:18.099] [DEBUG] cheese - null
[2020-06-06T16:45:39.161] [DEBUG] cheese - login => username:admin,password:123456
[2020-06-06T16:45:39.162] [DEBUG] cheese - admin
[2020-06-06T16:45:39.171] [DEBUG] cheese - null
[2020-06-06T16:45:39.171] [DEBUG] cheese - null
[2020-06-06T16:53:28.072] [DEBUG] cheese - login => username:admin,password:123456
[2020-06-06T16:53:28.072] [DEBUG] cheese - admin
[2020-06-06T16:53:28.080] [DEBUG] cheese - null
[2020-06-06T16:53:28.080] [DEBUG] cheese - null
[2020-06-06T17:29:47.145] [DEBUG] cheese - login => username:admin,password:123456
[2020-06-06T17:29:47.145] [DEBUG] cheese - admin
[2020-06-06T17:29:47.149] [DEBUG] cheese - null
[2020-06-06T17:29:47.149] [DEBUG] cheese - null
[2020-06-06T17:33:14.751] [DEBUG] cheese - login => username:admin,password:123456
[2020-06-06T17:33:14.751] [DEBUG] cheese - admin
[2020-06-06T17:33:14.757] [DEBUG] cheese - null
[2020-06-06T17:33:14.757] [DEBUG] cheese - null
[2020-06-06T18:39:41.590] [DEBUG] cheese - login => username:admin,password:123456
[2020-06-06T18:39:41.591] [DEBUG] cheese - admin
[2020-06-06T18:39:41.597] [DEBUG] cheese - null
[2020-06-06T18:39:41.598] [DEBUG] cheese - null
[2020-06-06T18:39:54.676] [DEBUG] cheese - login => username:admin,password:123456
[2020-06-06T18:39:54.676] [DEBUG] cheese - admin
[2020-06-06T18:39:54.679] [DEBUG] cheese - null
[2020-06-06T18:39:54.679] [DEBUG] cheese - null
[2020-06-06T18:40:40.270] [DEBUG] cheese - login => username:admin,password:123456
[2020-06-06T18:40:40.270] [DEBUG] cheese - admin
[2020-06-06T18:40:40.272] [DEBUG] cheese - null
[2020-06-06T18:40:40.272] [DEBUG] cheese - null
[2020-06-06T18:55:47.692] [DEBUG] cheese - login => username:admin,password:123456
[2020-06-06T18:55:47.692] [DEBUG] cheese - admin
[2020-06-06T18:55:47.695] [DEBUG] cheese - null
[2020-06-06T18:55:47.695] [DEBUG] cheese - null
[2020-06-06T18:56:22.922] [DEBUG] cheese - login => username:admin,password:123456
[2020-06-06T18:56:22.922] [DEBUG] cheese - admin
[2020-06-06T18:56:22.924] [DEBUG] cheese - null
[2020-06-06T18:56:22.924] [DEBUG] cheese - null
[2020-06-06T18:56:32.870] [DEBUG] cheese - login => username:admin,password:123456
[2020-06-06T18:56:32.870] [DEBUG] cheese - admin
[2020-06-06T18:56:32.876] [DEBUG] cheese - null
[2020-06-06T18:56:32.876] [DEBUG] cheese - null
[2020-06-06T19:15:37.817] [DEBUG] cheese - login => username:admin,password:123456
[2020-06-06T19:15:37.817] [DEBUG] cheese - admin
[2020-06-06T19:15:37.819] [DEBUG] cheese - null
[2020-06-06T19:15:37.819] [DEBUG] cheese - null
[2020-06-06T19:20:21.582] [DEBUG] cheese - login => username:admin,password:123456
[2020-06-06T19:20:21.582] [DEBUG] cheese - admin
[2020-06-06T19:20:21.585] [DEBUG] cheese - null
[2020-06-06T19:20:21.585] [DEBUG] cheese - null
[2020-06-06T21:56:23.612] [DEBUG] cheese - login => username:admin,password:123456
[2020-06-06T21:56:23.613] [DEBUG] cheese - admin
[2020-06-06T21:56:23.624] [DEBUG] cheese - null
[2020-06-06T21:56:23.624] [DEBUG] cheese - null
[2020-06-06T22:07:03.887] [DEBUG] cheese - login => username:admin,password:123456
[2020-06-06T22:07:03.887] [DEBUG] cheese - admin
[2020-06-06T22:07:03.893] [DEBUG] cheese - null
[2020-06-06T22:07:03.893] [DEBUG] cheese - null
[2020-06-07T11:17:36.151] [DEBUG] cheese - login => username:admin,password:123456
[2020-06-07T11:17:36.153] [DEBUG] cheese - admin
[2020-06-07T11:17:36.156] [DEBUG] cheese - null
[2020-06-07T11:17:36.156] [DEBUG] cheese - null
[2020-06-07T17:13:27.745] [DEBUG] cheese - null
[2020-06-07T17:13:29.561] [DEBUG] cheese - null
[2020-06-07T17:14:28.899] [DEBUG] cheese - null
[2020-06-07T17:14:54.277] [DEBUG] cheese - null
[2020-06-07T17:18:36.518] [DEBUG] cheese - null
[2020-06-07T17:18:45.763] [DEBUG] cheese - null
[2020-06-07T17:21:44.715] [DEBUG] cheese - null
[2020-06-07T17:22:05.383] [DEBUG] cheese - null
[2020-06-07T17:26:07.231] [DEBUG] cheese - null
[2020-06-07T17:28:30.171] [DEBUG] cheese - null
[2020-06-07T17:28:34.990] [DEBUG] cheese - null
[2020-06-08T22:02:57.623] [DEBUG] cheese - login => username:admin,password:123456
[2020-06-08T22:02:57.624] [DEBUG] cheese - admin
[2020-06-08T22:02:57.682] [DEBUG] cheese - null
[2020-06-08T22:02:57.682] [DEBUG] cheese - null
[2020-06-09T19:40:13.310] [DEBUG] cheese - login => username:admin,password:123456
[2020-06-09T19:40:13.311] [DEBUG] cheese - admin
[2020-06-09T19:40:13.454] [DEBUG] cheese - null
[2020-06-09T19:40:13.454] [DEBUG] cheese - null
[2020-06-09T20:36:28.956] [DEBUG] cheese - login => username:admin,password:123456
[2020-06-09T20:36:28.957] [DEBUG] cheese - admin
[2020-06-09T20:36:28.961] [DEBUG] cheese - null
[2020-06-09T20:36:28.962] [DEBUG] cheese - null
[2020-06-09T20:37:08.569] [DEBUG] cheese - login => username:admin,password:123456
[2020-06-09T20:37:08.569] [DEBUG] cheese - admin
[2020-06-09T20:37:08.571] [DEBUG] cheese - null
[2020-06-09T20:37:08.571] [DEBUG] cheese - null
[2020-06-09T20:39:08.497] [DEBUG] cheese - login => username:admin,password:123456
[2020-06-09T20:39:08.497] [DEBUG] cheese - admin
[2020-06-09T20:39:08.500] [DEBUG] cheese - null
[2020-06-09T20:39:08.500] [DEBUG] cheese - null
[2020-06-09T20:40:20.868] [DEBUG] cheese - login => username:admin,password:123456
[2020-06-09T20:40:20.868] [DEBUG] cheese - admin
[2020-06-09T20:40:20.870] [DEBUG] cheese - null
[2020-06-09T20:40:20.870] [DEBUG] cheese - null
[2020-06-11T21:16:56.653] [DEBUG] cheese - login => username:admin,password:123456
[2020-06-11T21:16:56.654] [DEBUG] cheese - admin
[2020-06-11T21:16:56.776] [DEBUG] cheese - null
[2020-06-11T21:16:56.776] [DEBUG] cheese - null
[2020-06-12T00:06:38.215] [DEBUG] cheese - login => username:admin,password:123456
[2020-06-12T00:06:38.216] [DEBUG] cheese - admin
[2020-06-12T00:06:38.220] [DEBUG] cheese - null
[2020-06-12T00:06:38.220] [DEBUG] cheese - null
[2020-06-12T19:20:42.161] [DEBUG] cheese - login => username:admin,password:123456
[2020-06-12T19:20:42.162] [DEBUG] cheese - admin
[2020-06-12T19:20:42.291] [DEBUG] cheese - null
[2020-06-12T19:20:42.291] [DEBUG] cheese - null
[2020-06-12T19:21:49.374] [DEBUG] cheese - login => username:admin,password:123456
[2020-06-12T19:21:49.374] [DEBUG] cheese - admin
[2020-06-12T19:21:49.377] [DEBUG] cheese - null
[2020-06-12T19:21:49.377] [DEBUG] cheese - null
[2020-06-12T19:23:25.487] [DEBUG] cheese - login => username:admin,password:123456
[2020-06-12T19:23:25.487] [DEBUG] cheese - admin
[2020-06-12T19:23:25.491] [DEBUG] cheese - null
[2020-06-12T19:23:25.491] [DEBUG] cheese - null
[2020-06-12T23:25:16.094] [DEBUG] cheese - login => username:admin,password:123456
[2020-06-12T23:25:16.094] [DEBUG] cheese - admin
[2020-06-12T23:25:16.099] [DEBUG] cheese - null
[2020-06-12T23:25:16.099] [DEBUG] cheese - null
[2020-06-12T23:26:01.691] [DEBUG] cheese - login => username:admin,password:123456
[2020-06-12T23:26:01.691] [DEBUG] cheese - admin
[2020-06-12T23:26:01.696] [DEBUG] cheese - null
[2020-06-12T23:26:01.696] [DEBUG] cheese - null
[2020-06-12T23:50:17.910] [DEBUG] cheese - login => username:admin,password:123456
[2020-06-12T23:50:17.910] [DEBUG] cheese - admin
[2020-06-12T23:50:17.915] [DEBUG] cheese - null
[2020-06-12T23:50:17.915] [DEBUG] cheese - null
[2020-06-12T23:55:00.648] [DEBUG] cheese - login => username:admin,password:123456
[2020-06-12T23:55:00.648] [DEBUG] cheese - admin
[2020-06-12T23:55:00.651] [DEBUG] cheese - null
[2020-06-12T23:55:00.651] [DEBUG] cheese - null
[2020-06-13T10:07:46.745] [DEBUG] cheese - login => username:admin,password:123456
[2020-06-13T10:07:46.746] [DEBUG] cheese - admin
[2020-06-13T10:07:46.907] [DEBUG] cheese - null
[2020-06-13T10:07:46.907] [DEBUG] cheese - null
[2020-06-13T10:25:45.249] [DEBUG] cheese - login => username:admin,password:123456
[2020-06-13T10:25:45.249] [DEBUG] cheese - admin
[2020-06-13T10:25:45.252] [DEBUG] cheese - null
[2020-06-13T10:25:45.252] [DEBUG] cheese - null
[2020-06-13T10:27:59.596] [DEBUG] cheese - login => username:admin,password:123456
[2020-06-13T10:27:59.596] [DEBUG] cheese - admin
[2020-06-13T10:27:59.602] [DEBUG] cheese - null
[2020-06-13T10:27:59.602] [DEBUG] cheese - null
[2020-06-13T11:33:09.074] [DEBUG] cheese - login => username:admin,password:123456
[2020-06-13T11:33:09.076] [DEBUG] cheese - admin
[2020-06-13T11:33:09.094] [DEBUG] cheese - null
[2020-06-13T11:33:09.094] [DEBUG] cheese - null
[2020-06-14T09:26:17.711] [DEBUG] cheese - login => username:admin,password:123456
[2020-06-14T09:26:17.712] [DEBUG] cheese - admin
[2020-06-14T09:26:17.851] [DEBUG] cheese - null
[2020-06-14T09:26:17.851] [DEBUG] cheese - null
[2020-06-14T09:28:25.655] [DEBUG] cheese - login => username:hsp321,password:hsp321
[2020-06-14T09:28:25.655] [DEBUG] cheese - hsp321
[2020-06-14T09:28:25.658] [DEBUG] cheese - null
[2020-06-14T09:28:25.658] [DEBUG] cheese - null
[2020-06-14T09:28:31.794] [DEBUG] cheese - login => username:hsp321,password:hsp321
[2020-06-14T09:28:31.795] [DEBUG] cheese - hsp321
[2020-06-14T09:28:31.799] [DEBUG] cheese - null
[2020-06-14T09:28:31.799] [DEBUG] cheese - null
[2020-06-14T09:28:34.731] [DEBUG] cheese - login => username:admin,password:123456
[2020-06-14T09:28:34.731] [DEBUG] cheese - admin
[2020-06-14T09:28:34.734] [DEBUG] cheese - null
[2020-06-14T09:28:34.734] [DEBUG] cheese - null
[2020-07-25T14:04:17.899] [DEBUG] cheese - login => username:admin,password:123456
[2020-07-25T14:04:17.900] [DEBUG] cheese - admin
[2020-07-25T14:04:17.907] [DEBUG] cheese - null
[2020-07-25T14:04:17.908] [DEBUG] cheese - null
[2020-07-25T14:16:13.246] [DEBUG] cheese - login => username:admin,password:123456
[2020-07-25T14:16:13.246] [DEBUG] cheese - admin
[2020-07-25T14:16:13.249] [DEBUG] cheese - null
[2020-07-25T14:16:13.249] [DEBUG] cheese - null
[2020-07-25T15:32:23.946] [DEBUG] cheese - login => username:admin,password:123456
[2020-07-25T15:32:23.947] [DEBUG] cheese - admin
[2020-07-25T15:32:23.973] [DEBUG] cheese - null
[2020-07-25T15:32:23.973] [DEBUG] cheese - null
[2020-07-27T09:20:08.909] [DEBUG] cheese - login => username:admin,password:123456
[2020-07-27T09:20:08.910] [DEBUG] cheese - admin
[2020-07-27T09:20:08.929] [DEBUG] cheese - null
[2020-07-27T09:20:08.930] [DEBUG] cheese - null
[2020-07-27T10:00:19.711] [DEBUG] cheese - login => username:admin,password:123456
[2020-07-27T10:00:19.711] [DEBUG] cheese - admin
[2020-07-27T10:00:19.714] [DEBUG] cheese - { inspect: [Function: inspect] }
[2020-07-27T10:00:19.716] [DEBUG] cheese - 查询失败
[2020-07-27T10:06:28.864] [DEBUG] cheese - login => username:admin,password:123456
[2020-07-27T10:06:28.865] [DEBUG] cheese - admin
[2020-07-27T10:06:28.884] [DEBUG] cheese - null
[2020-07-27T10:06:28.884] [DEBUG] cheese - null
[2020-07-27T15:48:40.956] [DEBUG] cheese - login => username:admin,password:123456
[2020-07-27T15:48:40.957] [DEBUG] cheese - admin
[2020-07-27T15:48:40.984] [DEBUG] cheese - null
[2020-07-27T15:48:40.985] [DEBUG] cheese - null
[2020-07-27T15:51:49.643] [DEBUG] cheese - login => username:admin,password:123456
[2020-07-27T15:51:49.645] [DEBUG] cheese - admin
[2020-07-27T15:51:49.648] [DEBUG] cheese - null
[2020-07-27T15:51:49.648] [DEBUG] cheese - null
[2020-07-28T09:08:48.294] [DEBUG] cheese - login => username:admin,password:123456
[2020-07-28T09:08:48.295] [DEBUG] cheese - admin
[2020-07-28T09:08:48.322] [DEBUG] cheese - null
[2020-07-28T09:08:48.322] [DEBUG] cheese - null
[2020-07-28T09:15:14.357] [DEBUG] cheese - login => username:admin,password:123456
[2020-07-28T09:15:14.357] [DEBUG] cheese - admin
[2020-07-28T09:15:14.359] [DEBUG] cheese - null
[2020-07-28T09:15:14.360] [DEBUG] cheese - null
[2020-07-28T09:28:30.450] [DEBUG] cheese - login => username:admin,password:123456
[2020-07-28T09:28:30.450] [DEBUG] cheese - admin
[2020-07-28T09:28:30.452] [DEBUG] cheese - null
[2020-07-28T09:28:30.452] [DEBUG] cheese - null
[2020-07-28T10:45:02.849] [DEBUG] cheese - login => username:admin,password:123456
[2020-07-28T10:45:02.850] [DEBUG] cheese - admin
[2020-07-28T10:45:02.868] [DEBUG] cheese - null
[2020-07-28T10:45:02.868] [DEBUG] cheese - null
[2020-07-28T10:45:39.452] [DEBUG] cheese - login => username:admin,password:123456
[2020-07-28T10:45:39.452] [DEBUG] cheese - admin
[2020-07-28T10:45:39.454] [DEBUG] cheese - null
[2020-07-28T10:45:39.454] [DEBUG] cheese - null
[2020-07-28T13:05:51.272] [DEBUG] cheese - login => username:admin,password:123456
[2020-07-28T13:05:51.273] [DEBUG] cheese - admin
[2020-07-28T13:05:51.421] [DEBUG] cheese - null
[2020-07-28T13:05:51.421] [DEBUG] cheese - null
[2020-07-28T13:06:23.312] [DEBUG] cheese - login => username:admin,password:123456
[2020-07-28T13:06:23.313] [DEBUG] cheese - admin
[2020-07-28T13:06:23.314] [DEBUG] cheese - null
[2020-07-28T13:06:23.314] [DEBUG] cheese - null
[2020-07-28T14:12:39.175] [DEBUG] cheese - login => username:admin,password:123456
[2020-07-28T14:12:39.176] [DEBUG] cheese - admin
[2020-07-28T14:12:39.177] [DEBUG] cheese - null
[2020-07-28T14:12:39.177] [DEBUG] cheese - null
[2020-07-28T14:24:46.903] [DEBUG] cheese - login => username:admin,password:123456
[2020-07-28T14:24:46.903] [DEBUG] cheese - admin
[2020-07-28T14:24:46.905] [DEBUG] cheese - null
[2020-07-28T14:24:46.905] [DEBUG] cheese - null
[2020-07-28T14:35:10.632] [DEBUG] cheese - null
[2020-07-28T16:02:44.471] [DEBUG] cheese - login => username:admin,password:123456
[2020-07-28T16:02:44.472] [DEBUG] cheese - admin
[2020-07-28T16:02:44.473] [DEBUG] cheese - null
[2020-07-28T16:02:44.473] [DEBUG] cheese - null
[2020-07-28T16:06:21.396] [DEBUG] cheese - login => username:admin,password:123456
[2020-07-28T16:06:21.396] [DEBUG] cheese - admin
[2020-07-28T16:06:21.397] [DEBUG] cheese - null
[2020-07-28T16:06:21.398] [DEBUG] cheese - null
[2020-07-28T17:38:03.279] [DEBUG] cheese - null
[2020-07-28T17:38:45.041] [DEBUG] cheese - null
[2020-07-28T17:38:48.363] [DEBUG] cheese - null
[2020-07-29T09:25:30.590] [DEBUG] cheese - login => username:admin,password:123456
[2020-07-29T09:25:30.591] [DEBUG] cheese - admin
[2020-07-29T09:25:30.594] [DEBUG] cheese - null
[2020-07-29T09:25:30.595] [DEBUG] cheese - null
[2020-07-29T09:55:13.589] [DEBUG] cheese - null
[2020-07-29T09:55:20.783] [DEBUG] cheese - null
[2020-07-29T09:55:24.298] [DEBUG] cheese - null
[2020-07-29T09:56:13.546] [DEBUG] cheese - null
[2020-07-29T09:56:40.252] [DEBUG] cheese - null
[2020-07-29T09:57:04.745] [DEBUG] cheese - null
[2020-07-29T09:58:36.414] [DEBUG] cheese - null
[2020-07-29T10:55:39.006] [DEBUG] cheese - null
[2020-07-29T10:56:16.905] [DEBUG] cheese - null
[2020-07-29T10:56:40.184] [DEBUG] cheese - null
[2020-07-29T10:58:01.946] [DEBUG] cheese - null
[2020-07-29T10:59:02.518] [DEBUG] cheese - null
[2020-07-29T11:01:31.675] [DEBUG] cheese - null
[2020-07-29T11:01:34.118] [DEBUG] cheese - null
[2020-07-29T11:04:30.682] [DEBUG] cheese - null
[2020-07-29T11:05:04.103] [DEBUG] cheese - null
[2020-07-29T11:08:34.634] [DEBUG] cheese - null
[2020-07-29T11:13:53.556] [DEBUG] cheese - null
[2020-07-29T11:15:02.572] [DEBUG] cheese - null
[2020-07-29T11:18:57.506] [DEBUG] cheese - null
[2020-07-29T11:18:58.088] [DEBUG] cheese - null
[2020-07-29T11:18:58.523] [DEBUG] cheese - null
[2020-07-29T11:20:43.741] [DEBUG] cheese - null
[2020-07-29T11:29:04.252] [DEBUG] cheese - null
[2020-07-29T11:32:39.858] [DEBUG] cheese - null
[2020-07-29T11:32:46.689] [DEBUG] cheese - null
[2020-07-29T11:32:48.677] [DEBUG] cheese - null
[2020-07-29T11:32:50.183] [DEBUG] cheese - null
[2020-07-29T11:32:51.402] [DEBUG] cheese - null
[2020-07-29T11:33:08.074] [DEBUG] cheese - null
[2020-07-29T11:33:40.075] [DEBUG] cheese - null
[2020-07-29T11:33:44.257] [DEBUG] cheese - null
[2020-07-29T11:34:06.233] [DEBUG] cheese - null
[2020-07-29T11:34:39.889] [DEBUG] cheese - null
[2020-07-29T11:35:04.656] [DEBUG] cheese - null
[2020-07-29T11:35:39.286] [DEBUG] cheese - null
[2020-07-29T11:35:40.828] [DEBUG] cheese - null
[2020-07-29T11:35:42.709] [DEBUG] cheese - null
[2020-07-29T11:37:30.730] [DEBUG] cheese - null
[2020-07-29T11:45:25.071] [DEBUG] cheese - null
[2020-07-29T11:45:40.098] [DEBUG] cheese - null
[2020-07-29T11:47:50.366] [DEBUG] cheese - null
[2020-07-29T13:09:51.425] [DEBUG] cheese - null
[2020-07-29T13:10:21.505] [DEBUG] cheese - null
[2020-07-29T13:12:43.281] [DEBUG] cheese - null
[2020-07-29T13:13:35.338] [DEBUG] cheese - null
[2020-07-29T13:14:19.725] [DEBUG] cheese - null
[2020-07-29T13:14:41.573] [DEBUG] cheese - null
[2020-07-29T13:15:28.942] [DEBUG] cheese - null
[2020-07-29T13:15:31.158] [DEBUG] cheese - null
[2020-07-29T13:15:35.071] [DEBUG] cheese - null
[2020-07-29T13:15:38.064] [DEBUG] cheese - null
[2020-07-29T13:16:52.601] [DEBUG] cheese - null
[2020-07-29T13:17:35.853] [DEBUG] cheese - null
[2020-07-29T13:17:39.425] [DEBUG] cheese - null
[2020-07-29T13:17:54.732] [DEBUG] cheese - null
[2020-07-29T13:18:59.230] [DEBUG] cheese - null
[2020-07-29T13:19:15.168] [DEBUG] cheese - null
[2020-07-29T13:20:02.857] [DEBUG] cheese - null
[2020-07-29T13:20:06.268] [DEBUG] cheese - null
[2020-07-29T13:20:08.959] [DEBUG] cheese - null
[2020-07-29T16:21:10.763] [DEBUG] cheese - login => username:admin,password:123456
[2020-07-29T16:21:10.763] [DEBUG] cheese - admin
[2020-07-29T16:21:10.766] [DEBUG] cheese - null
[2020-07-29T16:21:10.766] [DEBUG] cheese - null
[2020-07-30T09:10:45.758] [DEBUG] cheese - login => username:admin,password:123456
[2020-07-30T09:10:45.760] [DEBUG] cheese - admin
[2020-07-30T09:10:45.778] [DEBUG] cheese - null
[2020-07-30T09:10:45.779] [DEBUG] cheese - null
[2020-07-30T09:14:39.541] [DEBUG] cheese - login => username:admin,password:123456
[2020-07-30T09:14:39.541] [DEBUG] cheese - admin
[2020-07-30T09:14:39.543] [DEBUG] cheese - null
[2020-07-30T09:14:39.543] [DEBUG] cheese - null
[2020-07-30T10:00:58.482] [DEBUG] cheese - login => username:admin,password:123456
[2020-07-30T10:00:58.483] [DEBUG] cheese - admin
[2020-07-30T10:00:58.486] [DEBUG] cheese - null
[2020-07-30T10:00:58.486] [DEBUG] cheese - null
[2020-07-30T11:24:48.368] [DEBUG] cheese - null
[2020-07-31T11:09:08.989] [DEBUG] cheese - login => username:admin,password:123456
[2020-07-31T11:09:08.990] [DEBUG] cheese - admin
[2020-07-31T11:09:09.009] [DEBUG] cheese - null
[2020-07-31T11:09:09.009] [DEBUG] cheese - null
[2020-07-31T11:09:32.345] [DEBUG] cheese - login => username:admin,password:123456
[2020-07-31T11:09:32.345] [DEBUG] cheese - admin
[2020-07-31T11:09:32.347] [DEBUG] cheese - null
[2020-07-31T11:09:32.347] [DEBUG] cheese - null
[2020-07-31T11:10:14.773] [DEBUG] cheese - login => username:admin,password:123456
[2020-07-31T11:10:14.773] [DEBUG] cheese - admin
[2020-07-31T11:10:14.775] [DEBUG] cheese - null
[2020-07-31T11:10:14.775] [DEBUG] cheese - null
[2020-07-31T11:21:57.192] [DEBUG] cheese - login => username:admin,password:123456
[2020-07-31T11:21:57.192] [DEBUG] cheese - admin
[2020-07-31T11:21:57.194] [DEBUG] cheese - null
[2020-07-31T11:21:57.194] [DEBUG] cheese - null
[2020-08-03T09:12:23.001] [DEBUG] cheese - login => username:admin,password:123456
[2020-08-03T09:12:23.002] [DEBUG] cheese - admin
[2020-08-03T09:12:23.026] [DEBUG] cheese - null
[2020-08-03T09:12:23.027] [DEBUG] cheese - null
[2020-08-03T09:14:25.992] [DEBUG] cheese - login => username:admin,password:123456
[2020-08-03T09:14:25.992] [DEBUG] cheese - admin
[2020-08-03T09:14:25.995] [DEBUG] cheese - null
[2020-08-03T09:14:25.995] [DEBUG] cheese - null
[2020-08-03T11:10:06.752] [DEBUG] cheese - login => username:admin,password:123456
[2020-08-03T11:10:06.752] [DEBUG] cheese - admin
[2020-08-03T11:10:06.754] [DEBUG] cheese - null
[2020-08-03T11:10:06.755] [DEBUG] cheese - null
[2020-08-03T11:13:50.363] [DEBUG] cheese - login => username:linken,password:123456
[2020-08-03T11:13:50.363] [DEBUG] cheese - linken
[2020-08-03T11:13:50.366] [DEBUG] cheese - null
[2020-08-03T11:13:50.366] [DEBUG] cheese - null
[2020-08-03T11:13:56.759] [DEBUG] cheese - login => username:admin,password:123456
[2020-08-03T11:13:56.759] [DEBUG] cheese - admin
[2020-08-03T11:13:56.761] [DEBUG] cheese - null
[2020-08-03T11:13:56.761] [DEBUG] cheese - null
[2020-08-03T11:14:09.581] [DEBUG] cheese - login => username:linken,password:123456
[2020-08-03T11:14:09.582] [DEBUG] cheese - linken
[2020-08-03T11:14:09.583] [DEBUG] cheese - null
[2020-08-03T11:14:09.583] [DEBUG] cheese - null
[2020-08-03T11:14:10.046] [DEBUG] cheese - null
[2020-08-03T11:14:10.048] [DEBUG] cheese - null
[2020-08-03T11:14:23.153] [DEBUG] cheese - null
[2020-08-03T11:14:23.156] [DEBUG] cheese - null
[2020-08-03T11:14:33.753] [DEBUG] cheese - null
[2020-08-03T11:14:33.755] [DEBUG] cheese - null
[2020-08-03T11:14:35.276] [DEBUG] cheese - null
[2020-08-03T11:14:35.277] [DEBUG] cheese - null
[2020-08-03T11:14:36.158] [DEBUG] cheese - null
[2020-08-03T11:14:36.160] [DEBUG] cheese - null
[2020-08-03T11:14:40.534] [DEBUG] cheese - null
[2020-08-03T11:14:40.535] [DEBUG] cheese - null
[2020-08-03T11:14:47.915] [DEBUG] cheese - login => username:admin,password:123456
[2020-08-03T11:14:47.915] [DEBUG] cheese - admin
[2020-08-03T11:14:47.917] [DEBUG] cheese - null
[2020-08-03T11:14:47.917] [DEBUG] cheese - null
[2020-08-03T11:15:09.107] [DEBUG] cheese - login => username:linken,password:123456
[2020-08-03T11:15:09.107] [DEBUG] cheese - linken
[2020-08-03T11:15:09.108] [DEBUG] cheese - null
[2020-08-03T11:15:09.108] [DEBUG] cheese - null
[2020-08-03T11:15:09.505] [DEBUG] cheese - null
[2020-08-03T11:15:09.507] [DEBUG] cheese - null
[2020-08-03T11:15:49.907] [DEBUG] cheese - null
[2020-08-03T11:15:49.909] [DEBUG] cheese - null
[2020-08-03T11:15:51.520] [DEBUG] cheese - null
[2020-08-03T11:15:51.521] [DEBUG] cheese - null
[2020-08-03T11:15:54.643] [DEBUG] cheese - null
[2020-08-03T11:15:54.644] [DEBUG] cheese - null
[2020-08-03T11:15:55.669] [DEBUG] cheese - null
[2020-08-03T11:15:55.672] [DEBUG] cheese - null
[2020-08-03T11:15:56.592] [DEBUG] cheese - null
[2020-08-03T11:15:56.593] [DEBUG] cheese - null
[2020-08-03T11:15:59.681] [DEBUG] cheese - null
[2020-08-03T11:15:59.682] [DEBUG] cheese - null
[2020-08-03T11:16:00.889] [DEBUG] cheese - null
[2020-08-03T11:16:00.890] [DEBUG] cheese - null
[2020-08-03T11:16:04.754] [DEBUG] cheese - null
[2020-08-03T11:16:04.756] [DEBUG] cheese - null
[2020-08-03T11:16:08.568] [DEBUG] cheese - null
[2020-08-03T11:16:08.570] [DEBUG] cheese - null
[2020-08-03T11:16:12.800] [DEBUG] cheese - null
[2020-08-03T11:16:12.802] [DEBUG] cheese - null
[2020-08-03T11:16:15.974] [DEBUG] cheese - null
[2020-08-03T11:16:15.976] [DEBUG] cheese - null
[2020-08-03T11:17:21.777] [DEBUG] cheese - null
[2020-08-03T11:17:21.778] [DEBUG] cheese - null
[2020-08-03T11:17:23.785] [DEBUG] cheese - null
[2020-08-03T11:17:23.787] [DEBUG] cheese - null
[2020-08-03T11:17:28.868] [DEBUG] cheese - null
[2020-08-03T11:17:28.869] [DEBUG] cheese - null
[2020-08-03T11:17:35.802] [DEBUG] cheese - login => username:admin,password:123456
[2020-08-03T11:17:35.802] [DEBUG] cheese - admin
[2020-08-03T11:17:35.803] [DEBUG] cheese - null
[2020-08-03T11:17:35.803] [DEBUG] cheese - null
[2020-08-03T11:27:00.760] [DEBUG] cheese - login => username:linken,password:123456
[2020-08-03T11:27:00.760] [DEBUG] cheese - linken
[2020-08-03T11:27:00.762] [DEBUG] cheese - null
[2020-08-03T11:27:00.762] [DEBUG] cheese - null
[2020-08-03T11:27:01.187] [DEBUG] cheese - null
[2020-08-03T11:27:01.189] [DEBUG] cheese - null
[2020-08-03T11:27:08.065] [DEBUG] cheese - null
[2020-08-03T11:27:08.067] [DEBUG] cheese - null
[2020-08-03T11:27:09.217] [DEBUG] cheese - null
[2020-08-03T11:27:09.218] [DEBUG] cheese - null
[2020-08-03T11:28:21.362] [DEBUG] cheese - null
[2020-08-03T11:28:21.363] [DEBUG] cheese - null
[2020-08-03T11:28:27.294] [DEBUG] cheese - null
[2020-08-03T11:28:27.296] [DEBUG] cheese - null
[2020-08-03T11:28:30.678] [DEBUG] cheese - null
[2020-08-03T11:28:30.679] [DEBUG] cheese - null
[2020-08-03T11:28:48.435] [DEBUG] cheese - null
[2020-08-03T11:28:48.437] [DEBUG] cheese - null
[2020-08-03T11:28:50.468] [DEBUG] cheese - null
[2020-08-03T11:28:50.469] [DEBUG] cheese - null
[2020-08-03T11:29:03.206] [DEBUG] cheese - null
[2020-08-03T11:29:03.208] [DEBUG] cheese - null
[2020-08-03T11:29:03.451] [DEBUG] cheese - null
[2020-08-03T11:29:03.452] [DEBUG] cheese - null
[2020-08-03T11:29:19.663] [DEBUG] cheese - null
[2020-08-03T11:29:19.664] [DEBUG] cheese - null
[2020-08-03T11:29:19.893] [DEBUG] cheese - null
[2020-08-03T11:29:19.894] [DEBUG] cheese - null
[2020-08-03T11:29:25.829] [DEBUG] cheese - null
[2020-08-03T11:29:25.831] [DEBUG] cheese - null
[2020-08-03T11:29:29.001] [DEBUG] cheese - null
[2020-08-03T11:29:29.004] [DEBUG] cheese - null
[2020-08-03T11:30:11.619] [DEBUG] cheese - login => username:admin,password:123456
[2020-08-03T11:30:11.619] [DEBUG] cheese - admin
[2020-08-03T11:30:11.620] [DEBUG] cheese - null
[2020-08-03T11:30:11.620] [DEBUG] cheese - null
[2020-08-03T11:31:03.668] [DEBUG] cheese - login => username:linken,password:123456
[2020-08-03T11:31:03.668] [DEBUG] cheese - linken
[2020-08-03T11:31:03.671] [DEBUG] cheese - null
[2020-08-03T11:31:03.671] [DEBUG] cheese - null
[2020-08-03T11:31:04.122] [DEBUG] cheese - null
[2020-08-03T11:31:04.124] [DEBUG] cheese - null
[2020-08-03T11:31:08.386] [DEBUG] cheese - null
[2020-08-03T11:31:08.388] [DEBUG] cheese - null
[2020-08-03T11:31:18.439] [DEBUG] cheese - null
[2020-08-03T11:31:18.441] [DEBUG] cheese - null
[2020-08-03T11:31:18.746] [DEBUG] cheese - null
[2020-08-03T11:31:18.748] [DEBUG] cheese - null
[2020-08-03T11:31:21.707] [DEBUG] cheese - null
[2020-08-03T11:31:21.708] [DEBUG] cheese - null
[2020-08-03T11:31:25.486] [DEBUG] cheese - null
[2020-08-03T11:31:25.487] [DEBUG] cheese - null
[2020-08-03T11:31:27.465] [DEBUG] cheese - null
[2020-08-03T11:31:27.467] [DEBUG] cheese - null
[2020-08-03T11:31:35.740] [DEBUG] cheese - login => username:admin,password:123456
[2020-08-03T11:31:35.740] [DEBUG] cheese - admin
[2020-08-03T11:31:35.742] [DEBUG] cheese - null
[2020-08-03T11:31:35.742] [DEBUG] cheese - null
[2020-08-03T13:13:34.310] [DEBUG] cheese - login => username:admin,password:123456
[2020-08-03T13:13:34.310] [DEBUG] cheese - admin
[2020-08-03T13:13:34.314] [DEBUG] cheese - null
[2020-08-03T13:13:34.314] [DEBUG] cheese - null
[2020-08-03T16:34:16.718] [DEBUG] cheese - login => username:admin,password:123456
[2020-08-03T16:34:16.719] [DEBUG] cheese - admin
[2020-08-03T16:34:16.721] [DEBUG] cheese - null
[2020-08-03T16:34:16.721] [DEBUG] cheese - null
[2020-08-03T16:50:57.359] [DEBUG] cheese - login => username:admin,password:123456
[2020-08-03T16:50:57.359] [DEBUG] cheese - admin
[2020-08-03T16:50:57.361] [DEBUG] cheese - null
[2020-08-03T16:50:57.361] [DEBUG] cheese - null
[2020-08-03T17:49:01.408] [DEBUG] cheese - login => username:admin,password:123456
[2020-08-03T17:49:01.409] [DEBUG] cheese - admin
[2020-08-03T17:49:01.412] [DEBUG] cheese - null
[2020-08-03T17:49:01.412] [DEBUG] cheese - null
[2020-08-03T17:55:43.555] [DEBUG] cheese - login => username:admin,password:123456
[2020-08-03T17:55:43.555] [DEBUG] cheese - admin
[2020-08-03T17:55:43.557] [DEBUG] cheese - null
[2020-08-03T17:55:43.557] [DEBUG] cheese - null
[2020-08-04T10:16:31.083] [DEBUG] cheese - login => username:admin,password:123456
[2020-08-04T10:16:31.084] [DEBUG] cheese - admin
[2020-08-04T10:16:31.106] [DEBUG] cheese - null
[2020-08-04T10:16:31.106] [DEBUG] cheese - null
[2020-08-04T10:18:12.609] [DEBUG] cheese - login => username:admin,password:123456
[2020-08-04T10:18:12.610] [DEBUG] cheese - admin
[2020-08-04T10:18:12.613] [DEBUG] cheese - null
[2020-08-04T10:18:12.613] [DEBUG] cheese - null
[2020-08-05T09:40:02.567] [DEBUG] cheese - login => username:admin,password:123456
[2020-08-05T09:40:02.568] [DEBUG] cheese - admin
[2020-08-05T09:40:02.572] [DEBUG] cheese - null
[2020-08-05T09:40:02.573] [DEBUG] cheese - null
[2020-08-05T11:23:35.047] [DEBUG] cheese - null
[2020-08-05T11:26:26.708] [DEBUG] cheese - null
[2020-08-05T11:26:28.794] [DEBUG] cheese - null
[2020-08-05T11:26:34.159] [DEBUG] cheese - null
[2020-08-05T11:26:35.604] [DEBUG] cheese - null
[2020-08-05T11:26:42.305] [DEBUG] cheese - null
[2020-08-05T11:26:44.704] [DEBUG] cheese - null
[2020-08-05T11:33:31.893] [DEBUG] cheese - login => username:admin,password:123456
[2020-08-05T11:33:31.895] [DEBUG] cheese - admin
[2020-08-05T11:33:31.900] [DEBUG] cheese - null
[2020-08-05T11:33:31.900] [DEBUG] cheese - null
[2020-08-06T09:38:07.893] [DEBUG] cheese - login => username:admin,password:123456
[2020-08-06T09:38:07.894] [DEBUG] cheese - admin
[2020-08-06T09:38:07.896] [DEBUG] cheese - null
[2020-08-06T09:38:07.897] [DEBUG] cheese - null
[2020-08-06T09:43:35.580] [DEBUG] cheese - null
[2020-08-06T09:43:50.251] [DEBUG] cheese - null
[2020-08-06T10:19:02.017] [DEBUG] cheese - null
[2020-08-06T11:35:41.400] [DEBUG] cheese - login => username:admin,password:123456
[2020-08-06T11:35:41.401] [DEBUG] cheese - admin
[2020-08-06T11:35:41.404] [DEBUG] cheese - null
[2020-08-06T11:35:41.404] [DEBUG] cheese - null
[2020-08-06T14:02:00.036] [DEBUG] cheese - login => username:admin,password:123456
[2020-08-06T14:02:00.037] [DEBUG] cheese - admin
[2020-08-06T14:02:00.045] [DEBUG] cheese - null
[2020-08-06T14:02:00.045] [DEBUG] cheese - null
[2020-08-06T14:51:07.243] [DEBUG] cheese - login => username:admin,password:123456
[2020-08-06T14:51:07.244] [DEBUG] cheese - admin
[2020-08-06T14:51:07.247] [DEBUG] cheese - { inspect: [Function: inspect] }
[2020-08-06T14:51:07.247] [DEBUG] cheese - 查询失败
[2020-08-06T14:51:30.803] [DEBUG] cheese - login => username:admin,password:123456
[2020-08-06T14:51:30.803] [DEBUG] cheese - admin
[2020-08-06T14:51:30.813] [DEBUG] cheese - null
[2020-08-06T14:51:30.813] [DEBUG] cheese - null
[2020-08-06T16:02:35.915] [DEBUG] cheese - login => username:admin,password:123456
[2020-08-06T16:02:35.915] [DEBUG] cheese - admin
[2020-08-06T16:02:35.925] [DEBUG] cheese - { inspect: [Function: inspect] }
[2020-08-06T16:02:35.926] [DEBUG] cheese - 查询失败
[2020-08-06T16:03:37.081] [DEBUG] cheese - login => username:admin,password:123456
[2020-08-06T16:03:37.081] [DEBUG] cheese - admin
[2020-08-06T16:03:37.086] [DEBUG] cheese - null
[2020-08-06T16:03:37.086] [DEBUG] cheese - null
[2020-08-06T16:03:47.763] [DEBUG] cheese - login => username:admin,password:123456
[2020-08-06T16:03:47.763] [DEBUG] cheese - admin
[2020-08-06T16:03:47.764] [DEBUG] cheese - null
[2020-08-06T16:03:47.764] [DEBUG] cheese - null
[2020-08-07T09:36:49.645] [DEBUG] cheese - login => username:admin,password:123456
[2020-08-07T09:36:49.647] [DEBUG] cheese - admin
[2020-08-07T09:36:49.650] [DEBUG] cheese - null
[2020-08-07T09:36:49.650] [DEBUG] cheese - null
[2020-08-07T10:20:54.270] [DEBUG] cheese - login => username:admin,password:123456
[2020-08-07T10:20:54.272] [DEBUG] cheese - admin
[2020-08-07T10:20:54.274] [DEBUG] cheese - null
[2020-08-07T10:20:54.275] [DEBUG] cheese - null
[2020-08-07T13:22:00.909] [DEBUG] cheese - login => username:admin,password:123456
[2020-08-07T13:22:00.910] [DEBUG] cheese - admin
[2020-08-07T13:22:00.913] [DEBUG] cheese - null
[2020-08-07T13:22:00.914] [DEBUG] cheese - null
[2020-08-07T13:22:52.225] [DEBUG] cheese - null
[2020-08-07T13:22:57.318] [DEBUG] cheese - null
[2020-08-07T13:22:59.122] [DEBUG] cheese - null
[2020-08-07T13:23:02.315] [DEBUG] cheese - null
[2020-08-07T13:23:03.602] [DEBUG] cheese - null
[2020-08-07T13:23:09.734] [DEBUG] cheese - null
[2020-08-07T14:38:43.012] [DEBUG] cheese - null
[2020-08-07T14:38:50.706] [DEBUG] cheese - null
[2020-08-07T15:42:10.377] [DEBUG] cheese - null
[2020-08-07T16:04:12.205] [DEBUG] cheese - login => username:admin,password:123456
[2020-08-07T16:04:12.206] [DEBUG] cheese - admin
[2020-08-07T16:04:12.210] [DEBUG] cheese - null
[2020-08-07T16:04:12.211] [DEBUG] cheese - null
[2020-08-07T17:20:46.056] [DEBUG] cheese - null
[2020-08-10T09:46:48.082] [DEBUG] cheese - login => username:admin,password:123456
[2020-08-10T09:46:48.083] [DEBUG] cheese - admin
[2020-08-10T09:46:48.116] [DEBUG] cheese - null
[2020-08-10T09:46:48.117] [DEBUG] cheese - null
[2020-08-10T09:47:56.081] [DEBUG] cheese - login => username:admin,password:123456
[2020-08-10T09:47:56.083] [DEBUG] cheese - admin
[2020-08-10T09:47:56.085] [DEBUG] cheese - null
[2020-08-10T09:47:56.085] [DEBUG] cheese - null
[2020-08-10T09:58:30.907] [DEBUG] cheese - login => username:admin,password:123456
[2020-08-10T09:58:30.908] [DEBUG] cheese - admin
[2020-08-10T09:58:30.911] [DEBUG] cheese - null
[2020-08-10T09:58:30.911] [DEBUG] cheese - null
[2020-08-10T17:50:47.086] [DEBUG] cheese - login => username:admin,password:123456
[2020-08-10T17:50:47.087] [DEBUG] cheese - admin
[2020-08-10T17:50:47.090] [DEBUG] cheese - null
[2020-08-10T17:50:47.091] [DEBUG] cheese - null
[2020-08-11T09:27:58.375] [DEBUG] cheese - login => username:admin,password:123456
[2020-08-11T09:27:58.376] [DEBUG] cheese - admin
[2020-08-11T09:27:58.382] [DEBUG] cheese - null
[2020-08-11T09:27:58.383] [DEBUG] cheese - null
[2020-08-11T09:32:49.625] [DEBUG] cheese - null
[2020-08-11T09:32:55.688] [DEBUG] cheese - null
[2020-08-11T09:45:54.737] [DEBUG] cheese - null
[2020-08-11T09:47:29.498] [DEBUG] cheese - login => username:admin,password:123456
[2020-08-11T09:47:29.499] [DEBUG] cheese - admin
[2020-08-11T09:47:29.502] [DEBUG] cheese - null
[2020-08-11T09:47:29.503] [DEBUG] cheese - null
[2020-08-11T14:10:01.850] [DEBUG] cheese - null
[2020-08-11T14:10:05.826] [DEBUG] cheese - null
[2020-08-11T14:10:44.621] [DEBUG] cheese - null
[2020-08-11T15:05:19.926] [DEBUG] cheese - null
[2020-08-11T15:05:59.495] [DEBUG] cheese - null
[2020-08-11T15:06:58.025] [DEBUG] cheese - null
[2020-08-11T15:07:01.989] [DEBUG] cheese - null
[2020-08-11T15:07:05.682] [DEBUG] cheese - null
[2020-08-11T15:07:45.279] [DEBUG] cheese - null
[2020-08-11T15:09:46.642] [DEBUG] cheese - null
[2020-08-11T15:09:53.214] [DEBUG] cheese - null
[2020-08-11T15:09:57.327] [DEBUG] cheese - null
[2020-08-11T16:04:06.528] [DEBUG] cheese - null
[2020-08-11T16:07:10.516] [DEBUG] cheese - login => username:admin,password:123456
[2020-08-11T16:07:10.517] [DEBUG] cheese - admin
[2020-08-11T16:07:10.525] [DEBUG] cheese - null
[2020-08-11T16:07:10.526] [DEBUG] cheese - null
[2020-08-11T16:07:25.646] [DEBUG] cheese - null
[2020-08-11T16:09:58.944] [DEBUG] cheese - null
[2020-08-11T16:10:07.981] [DEBUG] cheese - null
[2020-08-11T16:13:00.300] [DEBUG] cheese - null
[2020-08-11T16:13:13.784] [DEBUG] cheese - null
[2020-08-11T16:14:23.314] [DEBUG] cheese - null
[2020-08-11T16:14:33.257] [DEBUG] cheese - null
[2020-08-11T16:15:54.182] [DEBUG] cheese - null
[2020-08-11T16:16:24.794] [DEBUG] cheese - null
[2020-08-11T16:17:16.558] [DEBUG] cheese - null
[2020-08-11T16:18:05.152] [DEBUG] cheese - null
[2020-08-11T16:18:59.277] [DEBUG] cheese - null
[2020-08-11T16:20:32.287] [DEBUG] cheese - null
[2020-08-11T16:20:37.259] [DEBUG] cheese - null
[2020-08-11T16:22:42.502] [DEBUG] cheese - null
[2020-08-11T16:24:12.841] [DEBUG] cheese - null
[2020-08-11T16:24:16.727] [DEBUG] cheese - null
[2020-08-11T16:24:20.898] [DEBUG] cheese - null
[2020-08-11T16:24:25.997] [DEBUG] cheese - null
[2020-08-11T16:24:35.101] [DEBUG] cheese - null
[2020-08-11T16:24:41.154] [DEBUG] cheese - null
[2020-08-11T16:24:44.186] [DEBUG] cheese - null
[2020-08-11T16:24:47.196] [DEBUG] cheese - null
[2020-08-11T16:24:53.620] [DEBUG] cheese - null
[2020-08-11T16:25:18.187] [DEBUG] cheese - null
[2020-08-11T16:25:25.470] [DEBUG] cheese - null
[2020-08-11T16:26:30.140] [DEBUG] cheese - null
[2020-08-11T16:26:58.526] [DEBUG] cheese - null
[2020-08-11T16:28:11.016] [DEBUG] cheese - null
[2020-08-11T16:28:46.029] [DEBUG] cheese - null
[2020-08-11T16:28:52.425] [DEBUG] cheese - null
[2020-08-11T16:29:01.299] [DEBUG] cheese - null
[2020-08-11T16:29:10.670] [DEBUG] cheese - null
[2020-08-11T16:29:11.198] [DEBUG] cheese - null
[2020-08-11T16:29:11.445] [DEBUG] cheese - null
[2020-08-11T16:29:22.211] [DEBUG] cheese - null
[2020-08-11T16:29:28.088] [DEBUG] cheese - null
[2020-08-11T16:29:35.513] [DEBUG] cheese - null
[2020-08-11T16:29:43.706] [DEBUG] cheese - null
[2020-08-11T16:29:50.825] [DEBUG] cheese - null
[2020-08-11T16:29:51.253] [DEBUG] cheese - null
[2020-08-11T16:29:51.416] [DEBUG] cheese - null
[2020-08-11T16:29:51.600] [DEBUG] cheese - null
[2020-08-11T16:29:51.754] [DEBUG] cheese - null
[2020-08-11T16:29:51.903] [DEBUG] cheese - null
[2020-08-11T16:29:52.075] [DEBUG] cheese - null
[2020-08-11T16:29:52.246] [DEBUG] cheese - null
[2020-08-11T16:29:52.424] [DEBUG] cheese - null
[2020-08-11T16:29:53.379] [DEBUG] cheese - null
[2020-08-11T16:30:31.453] [DEBUG] cheese - null
[2020-08-11T16:35:23.484] [DEBUG] cheese - null
[2020-08-11T16:36:13.189] [DEBUG] cheese - null
[2020-08-11T16:36:21.677] [DEBUG] cheese - null
[2020-08-11T16:36:38.946] [DEBUG] cheese - null
[2020-08-11T16:36:47.142] [DEBUG] cheese - null
[2020-08-11T16:37:44.558] [DEBUG] cheese - null
[2020-08-11T16:40:39.215] [DEBUG] cheese - null
[2020-08-11T16:40:40.253] [DEBUG] cheese - null
[2020-08-11T16:40:40.406] [DEBUG] cheese - null
[2020-08-11T16:40:40.563] [DEBUG] cheese - null
[2020-08-11T16:40:40.713] [DEBUG] cheese - null
[2020-08-11T16:40:40.865] [DEBUG] cheese - null
[2020-08-11T16:40:41.001] [DEBUG] cheese - null
[2020-08-11T16:40:41.148] [DEBUG] cheese - null
[2020-08-11T16:40:41.313] [DEBUG] cheese - null
[2020-08-11T16:40:41.469] [DEBUG] cheese - null
[2020-08-11T16:40:41.628] [DEBUG] cheese - null
[2020-08-11T16:40:41.775] [DEBUG] cheese - null
[2020-08-11T16:40:41.922] [DEBUG] cheese - null
[2020-08-11T16:40:42.072] [DEBUG] cheese - null
[2020-08-11T16:42:16.264] [DEBUG] cheese - null
[2020-08-11T16:43:47.171] [DEBUG] cheese - null
[2020-08-11T16:45:27.691] [DEBUG] cheese - null
[2020-08-11T16:45:46.425] [DEBUG] cheese - null
[2020-08-11T16:46:23.572] [DEBUG] cheese - login => username:admin,password:123456
[2020-08-11T16:46:23.573] [DEBUG] cheese - admin
[2020-08-11T16:46:23.581] [DEBUG] cheese - null
[2020-08-11T16:46:23.581] [DEBUG] cheese - null
[2020-08-11T16:46:47.025] [DEBUG] cheese - null
[2020-08-11T16:46:52.850] [DEBUG] cheese - null
[2020-08-11T16:46:53.015] [DEBUG] cheese - null
[2020-08-11T16:46:53.191] [DEBUG] cheese - null
[2020-08-11T16:46:57.574] [DEBUG] cheese - null
[2020-08-11T16:47:20.349] [DEBUG] cheese - null
[2020-08-11T16:47:40.463] [DEBUG] cheese - login => username:admin,password:123456
[2020-08-11T16:47:40.464] [DEBUG] cheese - admin
[2020-08-11T16:47:40.472] [DEBUG] cheese - null
[2020-08-11T16:47:40.472] [DEBUG] cheese - null
[2020-08-11T16:48:19.418] [DEBUG] cheese - null
[2020-08-11T16:48:20.721] [DEBUG] cheese - null
[2020-08-11T16:48:46.876] [DEBUG] cheese - null
[2020-08-11T16:48:48.414] [DEBUG] cheese - null
[2020-08-11T16:48:49.054] [DEBUG] cheese - null
[2020-08-11T16:48:49.612] [DEBUG] cheese - null
[2020-08-11T16:49:23.877] [DEBUG] cheese - null
[2020-08-11T16:49:30.110] [DEBUG] cheese - null
[2020-08-11T16:49:39.109] [DEBUG] cheese - null
[2020-08-11T16:49:44.392] [DEBUG] cheese - null
[2020-08-11T16:49:53.166] [DEBUG] cheese - null
[2020-08-11T16:50:32.389] [DEBUG] cheese - null
[2020-08-11T16:51:45.514] [DEBUG] cheese - null
[2020-08-11T16:51:46.935] [DEBUG] cheese - null
[2020-08-11T16:51:47.096] [DEBUG] cheese - null
[2020-08-11T16:51:47.260] [DEBUG] cheese - null
[2020-08-11T16:51:47.432] [DEBUG] cheese - null
[2020-08-11T16:51:47.584] [DEBUG] cheese - null
[2020-08-11T16:51:47.747] [DEBUG] cheese - null
[2020-08-11T16:51:47.907] [DEBUG] cheese - null
[2020-08-11T16:51:48.085] [DEBUG] cheese - null
[2020-08-11T16:51:48.262] [DEBUG] cheese - null
[2020-08-11T16:51:48.433] [DEBUG] cheese - null
[2020-08-11T16:51:48.611] [DEBUG] cheese - null
[2020-08-11T16:52:09.779] [DEBUG] cheese - null
[2020-08-11T16:52:18.160] [DEBUG] cheese - null
[2020-08-11T16:52:19.304] [DEBUG] cheese - null
[2020-08-11T16:52:33.846] [DEBUG] cheese - null
[2020-08-11T16:52:35.630] [DEBUG] cheese - null
[2020-08-11T16:52:54.317] [DEBUG] cheese - null
[2020-08-11T16:53:03.551] [DEBUG] cheese - null
[2020-08-11T16:53:42.681] [DEBUG] cheese - null
[2020-08-11T16:53:45.935] [DEBUG] cheese - null
[2020-08-11T16:53:46.948] [DEBUG] cheese - null
[2020-08-11T16:53:53.780] [DEBUG] cheese - null
[2020-08-11T16:54:35.179] [DEBUG] cheese - null
[2020-08-11T16:54:41.021] [DEBUG] cheese - null
[2020-08-11T16:54:46.154] [DEBUG] cheese - null
[2020-08-11T16:54:52.435] [DEBUG] cheese - null
[2020-08-11T16:56:15.056] [DEBUG] cheese - null
[2020-08-11T16:56:18.772] [DEBUG] cheese - null
[2020-08-11T16:59:15.403] [DEBUG] cheese - null
[2020-08-11T17:04:38.617] [DEBUG] cheese - null
[2020-08-11T17:04:46.144] [DEBUG] cheese - null
[2020-08-11T17:08:55.910] [DEBUG] cheese - null
[2020-08-11T17:17:06.694] [DEBUG] cheese - null
[2020-08-11T17:28:02.359] [DEBUG] cheese - null
[2020-08-11T17:32:41.261] [DEBUG] cheese - null
[2020-08-11T17:32:51.924] [DEBUG] cheese - null
[2020-08-11T17:44:14.381] [DEBUG] cheese - null
[2020-08-12T09:26:29.824] [DEBUG] cheese - null
[2020-08-12T09:27:03.217] [DEBUG] cheese - null
[2020-08-12T09:27:32.578] [DEBUG] cheese - null
[2020-08-12T09:27:45.955] [DEBUG] cheese - null
[2020-08-12T09:29:52.265] [DEBUG] cheese - null
[2020-08-12T09:45:51.517] [DEBUG] cheese - null
[2020-08-12T09:46:00.723] [DEBUG] cheese - null
[2020-08-12T09:46:04.305] [DEBUG] cheese - null
[2020-08-12T09:46:06.140] [DEBUG] cheese - null
[2020-08-12T09:46:42.681] [DEBUG] cheese - null
[2020-08-12T09:47:41.576] [DEBUG] cheese - null
[2020-08-12T09:52:12.071] [DEBUG] cheese - null
[2020-08-12T09:52:57.790] [DEBUG] cheese - null
[2020-08-12T09:53:49.961] [DEBUG] cheese - null
[2020-08-12T09:53:57.373] [DEBUG] cheese - null
[2020-08-12T09:57:05.240] [DEBUG] cheese - null
[2020-08-12T10:04:33.060] [DEBUG] cheese - null
[2020-08-12T10:04:50.332] [DEBUG] cheese - null
[2020-08-12T10:04:57.801] [DEBUG] cheese - null
[2020-08-12T10:05:41.661] [DEBUG] cheese - null
[2020-08-12T10:05:49.627] [DEBUG] cheese - null
[2020-08-12T10:06:03.530] [DEBUG] cheese - null
[2020-08-12T10:06:46.912] [DEBUG] cheese - null
[2020-08-12T10:07:15.996] [DEBUG] cheese - null
[2020-08-12T10:07:28.312] [DEBUG] cheese - null
[2020-08-12T10:08:23.601] [DEBUG] cheese - null
[2020-08-12T10:08:46.498] [DEBUG] cheese - null
[2020-08-12T10:09:10.348] [DEBUG] cheese - null
[2020-08-12T10:11:29.864] [DEBUG] cheese - null
[2020-08-12T10:14:15.699] [DEBUG] cheese - null
[2020-08-12T10:14:22.687] [DEBUG] cheese - null
[2020-08-12T10:15:30.780] [DEBUG] cheese - null
[2020-08-12T10:15:36.028] [DEBUG] cheese - null
[2020-08-12T10:15:47.303] [DEBUG] cheese - null
[2020-08-12T10:15:53.661] [DEBUG] cheese - null
[2020-08-12T10:16:35.764] [DEBUG] cheese - null
[2020-08-12T10:22:01.109] [DEBUG] cheese - null
[2020-08-12T10:22:21.835] [DEBUG] cheese - null
[2020-08-12T10:26:15.281] [DEBUG] cheese - null
[2020-08-12T10:26:20.091] [DEBUG] cheese - null
[2020-08-12T10:27:29.224] [DEBUG] cheese - null
[2020-08-12T10:27:34.633] [DEBUG] cheese - null
[2020-08-12T10:27:46.404] [DEBUG] cheese - null
[2020-08-12T10:28:20.127] [DEBUG] cheese - null
[2020-08-12T15:04:14.896] [DEBUG] cheese - null
[2020-08-12T15:04:33.045] [DEBUG] cheese - null
[2020-08-12T15:04:45.804] [DEBUG] cheese - null
[2020-08-12T15:05:46.421] [DEBUG] cheese - null
[2020-08-12T15:17:08.881] [DEBUG] cheese - null
[2020-08-12T15:17:13.307] [DEBUG] cheese - null
[2020-08-12T15:17:18.766] [DEBUG] cheese - null
[2020-08-12T15:19:23.240] [DEBUG] cheese - null
[2020-08-12T15:26:45.076] [DEBUG] cheese - null
[2020-08-12T15:26:53.428] [DEBUG] cheese - null
[2020-08-12T15:27:14.702] [DEBUG] cheese - null
[2020-08-12T15:27:21.161] [DEBUG] cheese - null
[2020-08-12T15:27:46.888] [DEBUG] cheese - null
[2020-08-12T15:28:06.320] [DEBUG] cheese - null
[2020-08-12T15:31:04.828] [DEBUG] cheese - login => username:admin,password:123456
[2020-08-12T15:31:04.828] [DEBUG] cheese - admin
[2020-08-12T15:31:04.830] [DEBUG] cheese - null
[2020-08-12T15:31:04.831] [DEBUG] cheese - null
[2020-08-12T17:19:37.457] [DEBUG] cheese - login => username:admin,password:123456
[2020-08-12T17:19:37.460] [DEBUG] cheese - admin
[2020-08-12T17:19:37.474] [DEBUG] cheese - null
[2020-08-12T17:19:37.474] [DEBUG] cheese - null
[2020-08-13T09:39:16.410] [DEBUG] cheese - login => username:admin,password:123456
[2020-08-13T09:39:16.411] [DEBUG] cheese - admin
[2020-08-13T09:39:16.456] [DEBUG] cheese - null
[2020-08-13T09:39:16.456] [DEBUG] cheese - null
[2020-08-13T09:40:15.256] [DEBUG] cheese - login => username:admin,password:123456
[2020-08-13T09:40:15.256] [DEBUG] cheese - admin
[2020-08-13T09:40:15.259] [DEBUG] cheese - null
[2020-08-13T09:40:15.259] [DEBUG] cheese - null
[2020-08-14T09:50:44.106] [DEBUG] cheese - login => username:admin,password:123456
[2020-08-14T09:50:44.107] [DEBUG] cheese - admin
[2020-08-14T09:50:44.146] [DEBUG] cheese - null
[2020-08-14T09:50:44.146] [DEBUG] cheese - null
[2020-08-14T09:52:46.509] [DEBUG] cheese - login => username:admin,password:123456
[2020-08-14T09:52:46.509] [DEBUG] cheese - admin
[2020-08-14T09:52:46.511] [DEBUG] cheese - null
[2020-08-14T09:52:46.512] [DEBUG] cheese - null
[2020-08-14T17:35:07.494] [DEBUG] cheese - login => username:admin,password:123456
[2020-08-14T17:35:07.496] [DEBUG] cheese - admin
[2020-08-14T17:35:07.498] [DEBUG] cheese - null
[2020-08-14T17:35:07.499] [DEBUG] cheese - null
[2020-08-17T09:41:23.075] [DEBUG] cheese - login => username:admin,password:123456
[2020-08-17T09:41:23.076] [DEBUG] cheese - admin
[2020-08-17T09:41:23.133] [DEBUG] cheese - null
[2020-08-17T09:41:23.135] [DEBUG] cheese - null
[2020-08-17T09:50:38.064] [DEBUG] cheese - login => username:admin,password:123456
[2020-08-17T09:50:38.064] [DEBUG] cheese - admin
[2020-08-17T09:50:38.065] [DEBUG] cheese - null
[2020-08-17T09:50:38.066] [DEBUG] cheese - null
[2020-08-17T15:58:39.001] [DEBUG] cheese - login => username:admin,password:123456
[2020-08-17T15:58:39.003] [DEBUG] cheese - admin
[2020-08-17T15:58:39.006] [DEBUG] cheese - null
[2020-08-17T15:58:39.007] [DEBUG] cheese - null
[2020-08-17T16:07:57.153] [DEBUG] cheese - login => username:admin,password:123456
[2020-08-17T16:07:57.154] [DEBUG] cheese - admin
[2020-08-17T16:07:57.156] [DEBUG] cheese - null
[2020-08-17T16:07:57.156] [DEBUG] cheese - null
[2020-08-17T16:52:10.830] [DEBUG] cheese - login => username:admin,password:123456
[2020-08-17T16:52:10.831] [DEBUG] cheese - admin
[2020-08-17T16:52:12.887] [DEBUG] cheese - { inspect: [Function: inspect] }
[2020-08-17T16:52:12.888] [DEBUG] cheese - 查询失败
[2020-08-17T16:52:17.125] [DEBUG] cheese - login => username:admin,password:123456
[2020-08-17T16:52:17.125] [DEBUG] cheese - admin
[2020-08-17T16:52:19.146] [DEBUG] cheese - { inspect: [Function: inspect] }
[2020-08-17T16:52:19.147] [DEBUG] cheese - 查询失败
[2020-08-20T10:27:37.415] [DEBUG] cheese - login => username:admin,password:123456
[2020-08-20T10:27:37.416] [DEBUG] cheese - admin
[2020-08-20T10:27:37.486] [DEBUG] cheese - null
[2020-08-20T10:27:37.486] [DEBUG] cheese - null
[2020-08-20T10:31:16.459] [DEBUG] cheese - login => username:admin,password:123456
[2020-08-20T10:31:16.459] [DEBUG] cheese - admin
[2020-08-20T10:31:16.461] [DEBUG] cheese - null
[2020-08-20T10:31:16.461] [DEBUG] cheese - null
[2020-08-20T10:32:05.541] [DEBUG] cheese - login => username:admin,password:123456
[2020-08-20T10:32:05.541] [DEBUG] cheese - admin
[2020-08-20T10:32:05.542] [DEBUG] cheese - null
[2020-08-20T10:32:05.543] [DEBUG] cheese - null
[2020-08-20T10:32:07.945] [DEBUG] cheese - login => username:admin,password:123456
[2020-08-20T10:32:07.945] [DEBUG] cheese - admin
[2020-08-20T10:32:07.947] [DEBUG] cheese - null
[2020-08-20T10:32:07.947] [DEBUG] cheese - null
[2020-08-20T10:33:09.899] [DEBUG] cheese - login => username:admin,password:123456
[2020-08-20T10:33:09.899] [DEBUG] cheese - admin
[2020-08-20T10:33:09.901] [DEBUG] cheese - null
[2020-08-20T10:33:09.901] [DEBUG] cheese - null
[2020-08-20T10:33:15.158] [DEBUG] cheese - login => username:admin,password:123456
[2020-08-20T10:33:15.159] [DEBUG] cheese - admin
[2020-08-20T10:33:15.160] [DEBUG] cheese - null
[2020-08-20T10:33:15.160] [DEBUG] cheese - null
[2020-08-20T10:33:30.641] [DEBUG] cheese - login => username:admin,password:123456
[2020-08-20T10:33:30.641] [DEBUG] cheese - admin
[2020-08-20T10:33:30.643] [DEBUG] cheese - null
[2020-08-20T10:33:30.643] [DEBUG] cheese - null
[2020-08-20T10:52:46.470] [DEBUG] cheese - login => username:admin,password:123456
[2020-08-20T10:52:46.470] [DEBUG] cheese - admin
[2020-08-20T10:52:46.472] [DEBUG] cheese - null
[2020-08-20T10:52:46.472] [DEBUG] cheese - null
[2020-08-20T11:18:42.031] [DEBUG] cheese - login => username:admin,password:123456
[2020-08-20T11:18:42.032] [DEBUG] cheese - admin
[2020-08-20T11:18:42.035] [DEBUG] cheese - null
[2020-08-20T11:18:42.035] [DEBUG] cheese - null
[2020-08-20T11:18:48.778] [DEBUG] cheese - login => username:admin,password:123456
[2020-08-20T11:18:48.778] [DEBUG] cheese - admin
[2020-08-20T11:18:48.780] [DEBUG] cheese - null
[2020-08-20T11:18:48.780] [DEBUG] cheese - null
[2020-08-20T11:19:22.347] [DEBUG] cheese - login => username:admin,password:123456
[2020-08-20T11:19:22.347] [DEBUG] cheese - admin
[2020-08-20T11:19:22.349] [DEBUG] cheese - null
[2020-08-20T11:19:22.349] [DEBUG] cheese - null
[2020-08-20T11:19:45.577] [DEBUG] cheese - login => username:admin,password:123456
[2020-08-20T11:19:45.577] [DEBUG] cheese - admin
[2020-08-20T11:19:45.579] [DEBUG] cheese - null
[2020-08-20T11:19:45.579] [DEBUG] cheese - null
[2020-08-20T11:20:16.791] [DEBUG] cheese - login => username:admin,password:123456
[2020-08-20T11:20:16.791] [DEBUG] cheese - admin
[2020-08-20T11:20:16.792] [DEBUG] cheese - null
[2020-08-20T11:20:16.793] [DEBUG] cheese - null
[2020-08-20T11:22:08.892] [DEBUG] cheese - login => username:admin,password:123456
[2020-08-20T11:22:08.893] [DEBUG] cheese - admin
[2020-08-20T11:22:08.894] [DEBUG] cheese - null
[2020-08-20T11:22:08.894] [DEBUG] cheese - null
[2020-08-20T11:34:13.247] [DEBUG] cheese - null
[2020-08-20T11:36:13.248] [DEBUG] cheese - null
